This is pdfTeX, Version 3.14159265-2.6-1.40.21 (MiKTeX 20.10) (preloaded format=pdflatex 2020.10.24)  26 OCT 2020 22:28
entering extended mode
**./memoria.tex
(memoria.tex
LaTeX2e <2020-10-01> patch level 1
L3 programming layer <2020-10-05> xparse <2020-03-03>
(MastersDoctoralThesis.cls
Document Class: MastersDoctoralThesis 2016/03/25 v1.4 LaTeXTemplates.com
("C:\Program Files\MiKTeX\tex/latex/etoolbox\etoolbox.sty"
Package: etoolbox 2020/10/05 v2.5k e-TeX tools for LaTeX (JAW)
\etb@tempcnta=\count175
)
("C:\Program Files\MiKTeX\tex/latex/l3packages/xparse\xparse.sty"
("C:\Program Files\MiKTeX\tex/latex/l3kernel\expl3.sty"
Package: expl3 2020-10-05 L3 programming layer (loader) 

("C:\Program Files\MiKTeX\tex/latex/l3backend\l3backend-pdftex.def"
File: l3backend-pdftex.def 2020-09-24 L3 backend support: PDF output (pdfTeX)
\l__kernel_color_stack_int=\count176
\l__pdf_internal_box=\box47
))
Package: xparse 2020-10-05 L3 Experimental document command parser

("C:\Program Files\MiKTeX\tex/latex/l3packages/xparse\xparse-generic.tex"))
("C:\Program Files\MiKTeX\tex/latex/base\book.cls"
Document Class: book 2020/04/10 v1.4m Standard LaTeX document class
("C:\Program Files\MiKTeX\tex/latex/base\bk11.clo"
File: bk11.clo 2020/04/10 v1.4m Standard LaTeX file (size option)
)
\c@part=\count177
\c@chapter=\count178
\c@section=\count179
\c@subsection=\count180
\c@subsubsection=\count181
\c@paragraph=\count182
\c@subparagraph=\count183
\c@figure=\count184
\c@table=\count185
\abovecaptionskip=\skip47
\belowcaptionskip=\skip48
\bibindent=\dimen138
)
("C:\Program Files\MiKTeX\tex/latex/parskip\parskip.sty"
Package: parskip 2020-06-15 v2.0f non-zero parskip adjustments

("C:\Program Files\MiKTeX\tex/latex/kvoptions\kvoptions.sty"
Package: kvoptions 2019/11/29 v3.13 Key value format for package options (HO)

("C:\Program Files\MiKTeX\tex/latex/graphics\keyval.sty"
Package: keyval 2014/10/28 v1.15 key=value parser (DPC)
\KV@toks@=\toks15
)
("C:\Program Files\MiKTeX\tex/generic/ltxcmds\ltxcmds.sty"
Package: ltxcmds 2020-05-10 v1.25 LaTeX kernel commands for general use (HO)
)
("C:\Program Files\MiKTeX\tex/generic/kvsetkeys\kvsetkeys.sty"
Package: kvsetkeys 2019/12/15 v1.18 Key value parser (HO)
)))
("C:\Program Files\MiKTeX\tex/generic/babel\babel.sty"
Package: babel 2020/10/06 3.50 The Babel package

("C:\Program Files\MiKTeX\tex/generic/babel\babel.def"
File: babel.def 2020/10/06 3.50 Babel common definitions
\babel@savecnt=\count186
\U@D=\dimen139
\l@babelnohyphens=\language79

("C:\Program Files\MiKTeX\tex/generic/babel\txtbabel.def")
\bbl@readstream=\read2
)
\bbl@dirlevel=\count187

*************************************
* Local config file bblopts.cfg used
*
("C:\Program Files\MiKTeX\tex/latex/arabi\bblopts.cfg"
File: bblopts.cfg 2005/09/08 v0.1 add Arabic and Farsi to "declared" options of
 babel
)
("C:\Program Files\MiKTeX\tex/latex/babel-spanish\spanish.ldf"
Language: spanish.ldf 2016/03/03 v5.0p Spanish support from the babel system
\es@quottoks=\toks16
\es@quotdepth=\count188
Package babel Info: Making " an active character on input line 561.
Package babel Info: Making . an active character on input line 662.
Package babel Info: Making < an active character on input line 707.
Package babel Info: Making > an active character on input line 707.
))
("C:\Program Files\MiKTeX\tex/latex/koma-script\scrbase.sty"
Package: scrbase 2020/09/21 v3.32 KOMA-Script package (KOMA-Script-independent 
basics and keyval usage)

("C:\Program Files\MiKTeX\tex/latex/koma-script\scrlfile.sty"
Package: scrlfile 2020/09/21 v3.32 KOMA-Script package (file load hooks)

("C:\Program Files\MiKTeX\tex/latex/koma-script\scrlfile-hook.sty"
Package: scrlfile-hook 2020/09/21 v3.32 KOMA-Script package (using LaTeX hooks)


("C:\Program Files\MiKTeX\tex/latex/koma-script\scrlogo.sty"
Package: scrlogo 2020/09/21 v3.32 KOMA-Script package (logo)
))))
("C:\Program Files\MiKTeX\tex/latex/koma-script\scrhack.sty"
Package: scrhack 2020/09/21 v3.32 KOMA-Script package (hacking other packages)

("C:\Program Files\MiKTeX\tex/latex/koma-script\scrkbase.sty"
Package: scrkbase 2020/09/21 v3.32 KOMA-Script package (KOMA-Script-dependent b
asics and keyval usage)
)
("C:\Program Files\MiKTeX\tex/latex/xpatch\xpatch.sty"
Package: xpatch 2020/03/25 v0.3a Extending etoolbox patching commands
))
("C:\Program Files\MiKTeX\tex/latex/setspace\setspace.sty"
Package: setspace 2011/12/19 v6.7a set line spacing
)
Package scrhack Info: loading setspace hack on input line 162.

("C:\Program Files\MiKTeX\tex/latex/koma-script\setspace.hak"
File: setspace.hak 2020/09/21 v3.32 KOMA-Script scrhack part (hacking package s
etspace)
)
("C:\Program Files\MiKTeX\tex/latex/tools\longtable.sty"
Package: longtable 2020/01/07 v4.13 Multi-page Table package (DPC)
\LTleft=\skip49
\LTright=\skip50
\LTpre=\skip51
\LTpost=\skip52
\LTchunksize=\count189
\LTcapwidth=\dimen140
\LT@head=\box48
\LT@firsthead=\box49
\LT@foot=\box50
\LT@lastfoot=\box51
\LT@cols=\count190
\LT@rows=\count191
\c@LT@tables=\count192
\c@LT@chunks=\count193
\LT@p@ftn=\toks17
)
("C:\Program Files\MiKTeX\tex/latex/siunitx\siunitx.sty"
Package: siunitx 2020/02/25 v2.8b A comprehensive (SI) units package

("C:\Program Files\MiKTeX\tex/latex/amsmath\amstext.sty"
Package: amstext 2000/06/29 v2.01 AMS text

("C:\Program Files\MiKTeX\tex/latex/amsmath\amsgen.sty"
File: amsgen.sty 1999/11/30 v2.0 generic functions
\@emptytoks=\toks18
\ex@=\dimen141
))
("C:\Program Files\MiKTeX\tex/latex/tools\array.sty"
Package: array 2019/08/31 v2.4l Tabular extension package (FMi)
\col@sep=\dimen142
\ar@mcellbox=\box52
\extrarowheight=\dimen143
\NC@list=\toks19
\extratabsurround=\skip53
\backup@length=\skip54
\ar@cellbox=\box53
)
("C:\Program Files\MiKTeX\tex/latex/l3packages/l3keys2e\l3keys2e.sty"
Package: l3keys2e 2020-10-05 LaTeX2e option processing using LaTeX3 keys
)
\l__siunitx_tmp_box=\box54
\l__siunitx_tmp_dim=\dimen144
\l__siunitx_tmp_int=\count194
\l__siunitx_number_mantissa_length_int=\count195
\l__siunitx_number_uncert_length_int=\count196
\l__siunitx_round_int=\count197
\l__siunitx_process_decimal_int=\count198
\l__siunitx_process_uncertainty_int=\count199
\l__siunitx_process_fixed_int=\count266
\l__siunitx_process_integer_min_int=\count267
\l__siunitx_process_precision_int=\count268
\l__siunitx_group_min_int=\count269
\l__siunitx_angle_marker_box=\box55
\l__siunitx_angle_unit_box=\box56
\l__siunitx_angle_marker_dim=\dimen145
\l__siunitx_angle_unit_dim=\dimen146
\l__siunitx_unit_int=\count270
\l__siunitx_unit_denominator_int=\count271
\l__siunitx_unit_numerator_int=\count272
\l__siunitx_unit_prefix_int=\count273
\l__siunitx_unit_prefix_base_int=\count274
\l__siunitx_unit_prefix_gram_int=\count275
\l__siunitx_number_product_int=\count276
\c__siunitx_one_fill_skip=\skip55
\l__siunitx_table_unit_align_skip=\skip56
\l__siunitx_table_exponent_dim=\dimen147
\l__siunitx_table_integer_dim=\dimen148
\l__siunitx_table_mantissa_dim=\dimen149
\l__siunitx_table_marker_dim=\dimen150
\l__siunitx_table_result_dim=\dimen151
\l__siunitx_table_uncert_dim=\dimen152
\l__siunitx_table_fill_pre_dim=\dimen153
\l__siunitx_table_fill_post_dim=\dimen154
\l__siunitx_table_fill_mid_dim=\dimen155
\l__siunitx_table_pre_box=\box57
\l__siunitx_table_post_box=\box58
\l__siunitx_table_mantissa_box=\box59
\l__siunitx_table_result_box=\box60
\l__siunitx_table_number_align_skip=\skip57
\l__siunitx_table_text_align_skip=\skip58

("C:\Program Files\MiKTeX\tex/latex/translator\translator.sty"
Package: translator 2020-08-03 v1.12c Easy translation of strings in LaTeX
))
("C:\Program Files\MiKTeX\tex/latex/graphics\graphicx.sty"
Package: graphicx 2020/09/09 v1.2b Enhanced LaTeX Graphics (DPC,SPQR)

("C:\Program Files\MiKTeX\tex/latex/graphics\graphics.sty"
Package: graphics 2020/08/30 v1.4c Standard LaTeX Graphics (DPC,SPQR)

("C:\Program Files\MiKTeX\tex/latex/graphics\trig.sty"
Package: trig 2016/01/03 v1.10 sin cos tan (DPC)
)
("C:\Program Files\MiKTeX\tex/latex/graphics-cfg\graphics.cfg"
File: graphics.cfg 2016/06/04 v1.11 sample graphics configuration
)
Package graphics Info: Driver file: pdftex.def on input line 105.

("C:\Program Files\MiKTeX\tex/latex/graphics-def\pdftex.def"
File: pdftex.def 2020/10/05 v1.2a Graphics/color driver for pdftex
))
\Gin@req@height=\dimen156
\Gin@req@width=\dimen157
)
("C:\Program Files\MiKTeX\tex/latex/booktabs\booktabs.sty"
Package: booktabs 2020/01/12 v1.61803398 Publication quality tables
\heavyrulewidth=\dimen158
\lightrulewidth=\dimen159
\cmidrulewidth=\dimen160
\belowrulesep=\dimen161
\belowbottomsep=\dimen162
\aboverulesep=\dimen163
\abovetopsep=\dimen164
\cmidrulesep=\dimen165
\cmidrulekern=\dimen166
\defaultaddspace=\dimen167
\@cmidla=\count277
\@cmidlb=\count278
\@aboverulesep=\dimen168
\@belowrulesep=\dimen169
\@thisruleclass=\count279
\@lastruleclass=\count280
\@thisrulewidth=\dimen170
)
("C:\Program Files\MiKTeX\tex/latex/caption\caption.sty"
Package: caption 2020/09/12 v3.5b Customizing captions (AR)

("C:\Program Files\MiKTeX\tex/latex/caption\caption3.sty"
Package: caption3 2020/09/17 v2.1b caption3 kernel (AR)
\captionmargin=\dimen171
\captionmargin@=\dimen172
\captionwidth=\dimen173
\caption@tempdima=\dimen174
\caption@indent=\dimen175
\caption@parindent=\dimen176
\caption@hangindent=\dimen177
Package caption Info: Standard document class detected.
)
\c@caption@flags=\count281
\c@continuedfloat=\count282
Package caption Info: longtable package is loaded.

("C:\Program Files\MiKTeX\tex/latex/caption\ltcaption.sty"
Package: ltcaption 2020/05/30 v1.4b longtable captions (AR)
))
("C:\Program Files\MiKTeX\tex/latex/listings\listings.sty"
\lst@mode=\count283
\lst@gtempboxa=\box61
\lst@token=\toks20
\lst@length=\count284
\lst@currlwidth=\dimen178
\lst@column=\count285
\lst@pos=\count286
\lst@lostspace=\dimen179
\lst@width=\dimen180
\lst@newlines=\count287
\lst@lineno=\count288
\lst@maxwidth=\dimen181

("C:\Program Files\MiKTeX\tex/latex/listings\lstmisc.sty"
File: lstmisc.sty 2020/03/24 1.8d (Carsten Heinz)
\c@lstnumber=\count289
\lst@skipnumbers=\count290
\lst@framebox=\box62
)
("C:\Program Files\MiKTeX\tex/latex/listings\listings.cfg"
File: listings.cfg 2020/03/24 1.8d listings configuration
))
Package scrhack Info: loading listings hack on input line 176.

("C:\Program Files\MiKTeX\tex/latex/koma-script\listings.hak"
File: listings.hak 2020/09/21 v3.32 KOMA-Script scrhack part (hacking package l
istings)

("C:\Program Files\MiKTeX\tex/latex/koma-script\tocbasic.sty"
Package: tocbasic 2020/09/21 v3.32 KOMA-Scriptpackage(handling toc-files)
\scr@dte@tocline@numberwidth=\skip59
\scr@dte@tocline@numbox=\box63
)
Package tocbasic Info: setting babel extension for `lol' on input line 143.
Package scrhack Info: redefining \lstlistoflistings on input line 143.
)
Package: listings 2020/03/24 1.8d (Carsten Heinz)

("C:\Program Files\MiKTeX\tex/latex/base\inputenc.sty"
Package: inputenc 2020/08/01 v1.3d Input encoding file
\inpenc@prehook=\toks21
\inpenc@posthook=\toks22
)
("C:\Program Files\MiKTeX\tex/latex/base\fontenc.sty"
Package: fontenc 2020/08/10 v2.0s Standard LaTeX package
)
("C:\Program Files\MiKTeX\tex/latex/psnfss\palatino.sty"
Package: palatino 2020/03/25 PSNFSS-v9.3 (SPQR) 
)
("C:\Program Files\MiKTeX\tex/latex/biblatex\biblatex.sty"
Package: biblatex 2020/08/23 v3.15a programmable bibliographies (PK/MW)

("C:\Program Files\MiKTeX\tex/generic/pdftexcmds\pdftexcmds.sty"
Package: pdftexcmds 2020-06-27 v0.33 Utility functions of pdfTeX for LuaTeX (HO
)

("C:\Program Files\MiKTeX\tex/generic/infwarerr\infwarerr.sty"
Package: infwarerr 2019/12/03 v1.5 Providing info/warning/error messages (HO)
)
("C:\Program Files\MiKTeX\tex/generic/iftex\iftex.sty"
Package: iftex 2020/03/06 v1.0d TeX engine tests
)
Package pdftexcmds Info: \pdf@primitive is available.
Package pdftexcmds Info: \pdf@ifprimitive is available.
Package pdftexcmds Info: \pdfdraftmode found.
)
("C:\Program Files\MiKTeX\tex/latex/logreq\logreq.sty"
Package: logreq 2010/08/04 v1.0 xml request logger
\lrq@indent=\count291

("C:\Program Files\MiKTeX\tex/latex/logreq\logreq.def"
File: logreq.def 2010/08/04 v1.0 logreq spec v1.0
))
("C:\Program Files\MiKTeX\tex/latex/base\ifthen.sty"
Package: ifthen 2014/09/29 v1.1c Standard LaTeX ifthen package (DPC)
)
("C:\Program Files\MiKTeX\tex/latex/url\url.sty"
\Urlmuskip=\muskip16
Package: url 2013/09/16  ver 3.4  Verb mode for urls, etc.
)
\c@tabx@nest=\count292
\c@listtotal=\count293
\c@listcount=\count294
\c@liststart=\count295
\c@liststop=\count296
\c@citecount=\count297
\c@citetotal=\count298
\c@multicitecount=\count299
\c@multicitetotal=\count300
\c@instcount=\count301
\c@maxnames=\count302
\c@minnames=\count303
\c@maxitems=\count304
\c@minitems=\count305
\c@citecounter=\count306
\c@maxcitecounter=\count307
\c@savedcitecounter=\count308
\c@uniquelist=\count309
\c@uniquename=\count310
\c@refsection=\count311
\c@refsegment=\count312
\c@maxextratitle=\count313
\c@maxextratitleyear=\count314
\c@maxextraname=\count315
\c@maxextradate=\count316
\c@maxextraalpha=\count317
\c@abbrvpenalty=\count318
\c@highnamepenalty=\count319
\c@lownamepenalty=\count320
\c@maxparens=\count321
\c@parenlevel=\count322
\blx@tempcnta=\count323
\blx@tempcntb=\count324
\blx@tempcntc=\count325
\blx@maxsection=\count326
\blx@maxsegment@0=\count327
\blx@notetype=\count328
\blx@parenlevel@text=\count329
\blx@parenlevel@foot=\count330
\blx@sectionciteorder@0=\count331
\blx@entrysetcounter=\count332
\blx@biblioinstance=\count333
\labelnumberwidth=\skip60
\labelalphawidth=\skip61
\biblabelsep=\skip62
\bibitemsep=\skip63
\bibnamesep=\skip64
\bibinitsep=\skip65
\bibparsep=\skip66
\bibhang=\skip67
\blx@bcfin=\read3
\blx@bcfout=\write3
\blx@langwohyphens=\language80
\c@mincomprange=\count334
\c@maxcomprange=\count335
\c@mincompwidth=\count336
Package biblatex Info: Trying to load biblatex default data model...
Package biblatex Info: ... file 'blx-dm.def' found.

("C:\Program Files\MiKTeX\tex/latex/biblatex\blx-dm.def"
File: blx-dm.def 2020/08/23 v3.15a biblatex localization (PK/MW)
)
Package biblatex Info: Trying to load biblatex style data model...
Package biblatex Info: ... file 'numeric.dbx' not found.
Package biblatex Info: Trying to load biblatex custom data model...
Package biblatex Info: ... file 'biblatex-dm.cfg' not found.
\c@afterword=\count337
\c@savedafterword=\count338
\c@annotator=\count339
\c@savedannotator=\count340
\c@author=\count341
\c@savedauthor=\count342
\c@bookauthor=\count343
\c@savedbookauthor=\count344
\c@commentator=\count345
\c@savedcommentator=\count346
\c@editor=\count347
\c@savededitor=\count348
\c@editora=\count349
\c@savededitora=\count350
\c@editorb=\count351
\c@savededitorb=\count352
\c@editorc=\count353
\c@savededitorc=\count354
\c@foreword=\count355
\c@savedforeword=\count356
\c@holder=\count357
\c@savedholder=\count358
\c@introduction=\count359
\c@savedintroduction=\count360
\c@namea=\count361
\c@savednamea=\count362
\c@nameb=\count363
\c@savednameb=\count364
\c@namec=\count365
\c@savednamec=\count366
\c@translator=\count367
\c@savedtranslator=\count368
\c@shortauthor=\count369
\c@savedshortauthor=\count370
\c@shorteditor=\count371
\c@savedshorteditor=\count372
\c@labelname=\count373
\c@savedlabelname=\count374
\c@institution=\count375
\c@savedinstitution=\count376
\c@lista=\count377
\c@savedlista=\count378
\c@listb=\count379
\c@savedlistb=\count380
\c@listc=\count381
\c@savedlistc=\count382
\c@listd=\count383
\c@savedlistd=\count384
\c@liste=\count385
\c@savedliste=\count386
\c@listf=\count387
\c@savedlistf=\count388
\c@location=\count389
\c@savedlocation=\count390
\c@organization=\count391
\c@savedorganization=\count392
\c@origlocation=\count393
\c@savedoriglocation=\count394
\c@origpublisher=\count395
\c@savedorigpublisher=\count396
\c@publisher=\count397
\c@savedpublisher=\count398
\c@language=\count399
\c@savedlanguage=\count400
\c@origlanguage=\count401
\c@savedoriglanguage=\count402
\c@pageref=\count403
\c@savedpageref=\count404
\shorthandwidth=\skip68
\shortjournalwidth=\skip69
\shortserieswidth=\skip70
\shorttitlewidth=\skip71
\shortauthorwidth=\skip72
\shorteditorwidth=\skip73
\locallabelnumberwidth=\skip74
\locallabelalphawidth=\skip75
\localshorthandwidth=\skip76
\localshortjournalwidth=\skip77
\localshortserieswidth=\skip78
\localshorttitlewidth=\skip79
\localshortauthorwidth=\skip80
\localshorteditorwidth=\skip81
Package biblatex Info: Trying to load compatibility code...
Package biblatex Info: ... file 'blx-compat.def' found.

("C:\Program Files\MiKTeX\tex/latex/biblatex\blx-compat.def"
File: blx-compat.def 2020/08/23 v3.15a biblatex compatibility (PK/MW)
)
Package biblatex Info: expl3
(biblatex)             2020-10-05 L3 programming layer (loader) 
(biblatex)             is new enough (at least 2020/04/06),
(biblatex)             setting 'casechanger=expl3'.
Package biblatex Info: Trying to load expl3 case changing code...
Package biblatex Info: ... file 'blx-case-expl3.def' found.

("C:\Program Files\MiKTeX\tex/latex/biblatex\blx-case-expl3.def"
File: blx-case-expl3 2020/08/23 v3.15a expl3 case changing code for biblatex
)
Package biblatex Info: Trying to load BibTeX backend compatibility...
Package biblatex Info: ... file 'blx-bibtex.def' found.

("C:\Program Files\MiKTeX\tex/latex/biblatex\blx-bibtex.def"
File: blx-bibtex.def 2020/08/23 v3.15a biblatex compatibility (PK/MW)


Package biblatex Warning: Using fall-back BibTeX(8) backend:
(biblatex)                functionality may be reduced/unavailable.

)
Package biblatex Info: Trying to load generic definitions...
Package biblatex Info: ... file 'biblatex.def' found.
 ("C:\Program Files\MiKTeX\tex/latex/biblatex\biblatex.def"
File: biblatex.def 2020/08/23 v3.15a biblatex compatibility (PK/MW)
\c@textcitecount=\count405
\c@textcitetotal=\count406
\c@textcitemaxnames=\count407
\c@biburlbigbreakpenalty=\count408
\c@biburlbreakpenalty=\count409
\c@biburlnumpenalty=\count410
\c@biburlucpenalty=\count411
\c@biburllcpenalty=\count412
\biburlbigskip=\muskip17
\biburlnumskip=\muskip18
\biburlucskip=\muskip19
\biburllcskip=\muskip20
\c@smartand=\count413
)
Package biblatex Info: Trying to load natbib compatibility...
Package biblatex Info: ... file 'blx-natbib.def' found.

("C:\Program Files\MiKTeX\tex/latex/biblatex\blx-natbib.def"
File: blx-natbib.def 2020/08/23 v3.15a biblatex compatibility (PK/MW)
Package biblatex Info: Delimiter 'nameyeardelim' in context '' already defined,
 overwriting.
)
Package biblatex Info: Trying to load bibliography style 'numeric'...
Package biblatex Info: ... file 'numeric.bbx' found.

("C:\Program Files\MiKTeX\tex/latex/biblatex/bbx\numeric.bbx"
File: numeric.bbx 2020/08/23 v3.15a biblatex bibliography style (PK/MW)
Package biblatex Info: Trying to load bibliography style 'standard'...
Package biblatex Info: ... file 'standard.bbx' found.

("C:\Program Files\MiKTeX\tex/latex/biblatex/bbx\standard.bbx"
File: standard.bbx 2020/08/23 v3.15a biblatex bibliography style (PK/MW)
\c@bbx:relatedcount=\count414
\c@bbx:relatedtotal=\count415
))
Package biblatex Info: Trying to load citation style 'numeric'...
Package biblatex Info: ... file 'numeric.cbx' found.

("C:\Program Files\MiKTeX\tex/latex/biblatex/cbx\numeric.cbx"
File: numeric.cbx 2020/08/23 v3.15a biblatex citation style (PK/MW)
Package biblatex Info: Redefining '\cite'.
Package biblatex Info: Redefining '\parencite'.
Package biblatex Info: Redefining '\footcite'.
Package biblatex Info: Redefining '\footcitetext'.
Package biblatex Info: Redefining '\smartcite'.
Package biblatex Info: Redefining '\supercite'.
Package biblatex Info: Redefining '\textcite'.
Package biblatex Info: Redefining '\textcites'.
Package biblatex Info: Redefining '\cites'.
Package biblatex Info: Redefining '\parencites'.
Package biblatex Info: Redefining '\smartcites'.
)
Package biblatex Info: Trying to load configuration file...
Package biblatex Info: ... file 'biblatex.cfg' found.

("C:\Program Files\MiKTeX\tex/latex/biblatex\biblatex.cfg"
File: biblatex.cfg 
))
("C:\Program Files\MiKTeX\tex/latex/csquotes\csquotes.sty"
Package: csquotes 2019-12-06 v5.2j context-sensitive quotations (JAW)
\csq@reset=\count416
\csq@gtype=\count417
\csq@glevel=\count418
\csq@qlevel=\count419
\csq@maxlvl=\count420
\csq@tshold=\count421
\csq@ltx@everypar=\toks23

("C:\Program Files\MiKTeX\tex/latex/csquotes\csquotes.def"
File: csquotes.def 2019-12-06 v5.2j csquotes generic definitions (JAW)
)
Package csquotes Info: Trying to load configuration file 'csquotes.cfg'...
Package csquotes Info: ... configuration file loaded successfully.

("C:\Program Files\MiKTeX\tex/latex/csquotes\csquotes.cfg"
File: csquotes.cfg 
)
Package csquotes Info: Enabling multilingual quotes.
)
("C:\Program Files\MiKTeX\tex/latex/xcolor\xcolor.sty"
Package: xcolor 2016/05/11 v2.12 LaTeX color extensions (UK)

("C:\Program Files\MiKTeX\tex/latex/graphics-cfg\color.cfg"
File: color.cfg 2016/01/02 v1.6 sample color configuration
)
Package xcolor Info: Driver file: pdftex.def on input line 225.
Package xcolor Info: Model `cmy' substituted by `cmy0' on input line 1348.
Package xcolor Info: Model `hsb' substituted by `rgb' on input line 1352.
Package xcolor Info: Model `RGB' extended on input line 1364.
Package xcolor Info: Model `HTML' substituted by `rgb' on input line 1366.
Package xcolor Info: Model `Hsb' substituted by `hsb' on input line 1367.
Package xcolor Info: Model `tHsb' substituted by `hsb' on input line 1368.
Package xcolor Info: Model `HSB' substituted by `hsb' on input line 1369.
Package xcolor Info: Model `Gray' substituted by `gray' on input line 1370.
Package xcolor Info: Model `wave' substituted by `hsb' on input line 1371.
)
("C:\Program Files\MiKTeX\tex/latex/caption\subcaption.sty"
Package: subcaption 2020/08/23 v1.3g Sub-captions (AR)
\c@subfigure=\count422
\c@subtable=\count423
)
("C:\Program Files\MiKTeX\tex/latex/hyperref\hyperref.sty"
Package: hyperref 2020-05-15 v7.00e Hypertext links for LaTeX

("C:\Program Files\MiKTeX\tex/generic/kvdefinekeys\kvdefinekeys.sty"
Package: kvdefinekeys 2019-12-19 v1.6 Define keys (HO)
)
("C:\Program Files\MiKTeX\tex/generic/pdfescape\pdfescape.sty"
Package: pdfescape 2019/12/09 v1.15 Implements pdfTeX's escape features (HO)
)
("C:\Program Files\MiKTeX\tex/latex/hycolor\hycolor.sty"
Package: hycolor 2020-01-27 v1.10 Color options for hyperref/bookmark (HO)
)
("C:\Program Files\MiKTeX\tex/latex/letltxmacro\letltxmacro.sty"
Package: letltxmacro 2019/12/03 v1.6 Let assignment for LaTeX macros (HO)
)
("C:\Program Files\MiKTeX\tex/latex/auxhook\auxhook.sty"
Package: auxhook 2019-12-17 v1.6 Hooks for auxiliary files (HO)
)
\@linkdim=\dimen182
\Hy@linkcounter=\count424
\Hy@pagecounter=\count425

("C:\Program Files\MiKTeX\tex/latex/hyperref\pd1enc.def"
File: pd1enc.def 2020-05-15 v7.00e Hyperref: PDFDocEncoding definition (HO)
Now handling font encoding PD1 ...
... no UTF-8 mapping file for font encoding PD1
)
("C:\Program Files\MiKTeX\tex/generic/intcalc\intcalc.sty"
Package: intcalc 2019/12/15 v1.3 Expandable calculations with integers (HO)
)
("C:\Program Files\MiKTeX\tex/generic/etexcmds\etexcmds.sty"
Package: etexcmds 2019/12/15 v1.7 Avoid name clashes with e-TeX commands (HO)
)
\Hy@SavedSpaceFactor=\count426
Package hyperref Info: Hyper figures OFF on input line 4464.
Package hyperref Info: Link nesting OFF on input line 4469.
Package hyperref Info: Hyper index ON on input line 4472.
Package hyperref Info: Plain pages OFF on input line 4479.
Package hyperref Info: Backreferencing OFF on input line 4484.
Package hyperref Info: Implicit mode ON; LaTeX internals redefined.
Package hyperref Info: Bookmarks ON on input line 4717.
\c@Hy@tempcnt=\count427
LaTeX Info: Redefining \url on input line 5076.
\XeTeXLinkMargin=\dimen183

("C:\Program Files\MiKTeX\tex/generic/bitset\bitset.sty"
Package: bitset 2019/12/09 v1.3 Handle bit-vector datatype (HO)

("C:\Program Files\MiKTeX\tex/generic/bigintcalc\bigintcalc.sty"
Package: bigintcalc 2019/12/15 v1.5 Expandable calculations on big integers (HO
)
))
\Fld@menulength=\count428
\Field@Width=\dimen184
\Fld@charsize=\dimen185
Package hyperref Info: Hyper figures OFF on input line 6347.
Package hyperref Info: Link nesting OFF on input line 6352.
Package hyperref Info: Hyper index ON on input line 6355.
Package hyperref Info: backreferencing OFF on input line 6362.
Package hyperref Info: Link coloring OFF on input line 6367.
Package hyperref Info: Link coloring with OCG OFF on input line 6372.
Package hyperref Info: PDF/A mode OFF on input line 6377.
LaTeX Info: Redefining \ref on input line 6417.
LaTeX Info: Redefining \pageref on input line 6421.

("C:\Program Files\MiKTeX\tex/latex/base\atbegshi-ltx.sty"
Package: atbegshi-ltx 2020/08/17 v1.0a Emulation of the original atbegshi packa
ge
with kernel methods
)
\Hy@abspage=\count429
\c@Item=\count430
\c@Hfootnote=\count431
)
Package scrhack Info: hyperref hack deactivated because of
(scrhack)             detection of hyperref version, that doesn't
(scrhack)             need that hack, on input line 191.
Package hyperref Info: Driver (autodetected): hpdftex.

("C:\Program Files\MiKTeX\tex/latex/hyperref\hpdftex.def"
File: hpdftex.def 2020-05-15 v7.00e Hyperref driver for pdfTeX

("C:\Program Files\MiKTeX\tex/latex/base\atveryend-ltx.sty"
Package: atveryend-ltx 2020/08/19 v1.0a Emulation of the original atvery packag
e
with kernel methods
)
\Fld@listcount=\count432
\c@bookmark@seq@number=\count433

("C:\Program Files\MiKTeX\tex/latex/rerunfilecheck\rerunfilecheck.sty"
Package: rerunfilecheck 2019/12/05 v1.9 Rerun checks for auxiliary files (HO)

("C:\Program Files\MiKTeX\tex/generic/uniquecounter\uniquecounter.sty"
Package: uniquecounter 2019/12/15 v1.4 Provide unlimited unique counter (HO)
)
Package uniquecounter Info: New unique counter `rerunfilecheck' on input line 2
86.
)
\Hy@SectionHShift=\skip82
)
Package hyperref Info: Option `colorlinks' set `true' on input line 211.

("C:\Program Files\MiKTeX\tex/latex/geometry\geometry.sty"
Package: geometry 2020/01/02 v5.9 Page Geometry

("C:\Program Files\MiKTeX\tex/generic/iftex\ifvtex.sty"
Package: ifvtex 2019/10/25 v1.7 ifvtex legacy package. Use iftex instead.
)
\Gm@cnth=\count434
\Gm@cntv=\count435
\c@Gm@tempcnt=\count436
\Gm@bindingoffset=\dimen186
\Gm@wd@mp=\dimen187
\Gm@odd@mp=\dimen188
\Gm@even@mp=\dimen189
\Gm@layoutwidth=\dimen190
\Gm@layoutheight=\dimen191
\Gm@layouthoffset=\dimen192
\Gm@layoutvoffset=\dimen193
\Gm@dimlist=\toks24

("C:\Program Files\MiKTeX\tex/latex/geometry\geometry.cfg"))
("C:\Program Files\MiKTeX\tex/latex/koma-script\scrlayer-scrpage.sty"
Package: scrlayer-scrpage 2020/09/21 v3.32 KOMA-Script package (end user interf
ace for scrlayer)

("C:\Program Files\MiKTeX\tex/latex/koma-script\scrlayer.sty"
Package: scrlayer 2020/09/21 v3.32 KOMA-Script package (defining layers and pag
e styles)
\footheight=\skip83
Package scrlayer Info: patching LaTeX kernel macro \pagestyle on input line 211
6.
)
Package scrbase Info: Unknown processing state.
(scrbase)             Processing option `markcase=used'
(scrbase)             of member `.scrlayer-scrpage.sty' of family
(scrbase)             `KOMA' doesn't set
(scrbase)             a valid state. This will be interpreted
(scrbase)             as \FamilyKeyStateProcessed on input line 636.
)
Package scrlayer-scrpage Info: auto-selection of `pagestyleset=standard'.

1: chapter
1: chapter
1: section
) ("C:\Program Files\MiKTeX\tex/latex/amsmath\amsmath.sty"
Package: amsmath 2020/09/23 v2.17i AMS math features
\@mathmargin=\skip84

For additional information on amsmath, use the `?' option.
("C:\Program Files\MiKTeX\tex/latex/amsmath\amsbsy.sty"
Package: amsbsy 1999/11/29 v1.2d Bold Symbols
\pmbraise@=\dimen194
)
("C:\Program Files\MiKTeX\tex/latex/amsmath\amsopn.sty"
Package: amsopn 2016/03/08 v2.02 operator names
)
\inf@bad=\count437
LaTeX Info: Redefining \frac on input line 234.
\uproot@=\count438
\leftroot@=\count439
LaTeX Info: Redefining \overline on input line 399.
\classnum@=\count440
\DOTSCASE@=\count441
LaTeX Info: Redefining \ldots on input line 496.
LaTeX Info: Redefining \dots on input line 499.
LaTeX Info: Redefining \cdots on input line 620.
\Mathstrutbox@=\box64
\strutbox@=\box65
\big@size=\dimen195
LaTeX Font Info:    Redeclaring font encoding OML on input line 743.
LaTeX Font Info:    Redeclaring font encoding OMS on input line 744.
\macc@depth=\count442
\c@MaxMatrixCols=\count443
\dotsspace@=\muskip21
\c@parentequation=\count444
\dspbrk@lvl=\count445
\tag@help=\toks25
\row@=\count446
\column@=\count447
\maxfields@=\count448
\andhelp@=\toks26
\eqnshift@=\dimen196
\alignsep@=\dimen197
\tagshift@=\dimen198
\tagwidth@=\dimen199
\totwidth@=\dimen256
\lineht@=\dimen257
\@envbody=\toks27
\multlinegap=\skip85
\multlinetaggap=\skip86
\mathdisplay@stack=\toks28
LaTeX Info: Redefining \[ on input line 2923.
LaTeX Info: Redefining \] on input line 2924.
)
("C:\Program Files\MiKTeX\tex/latex/amscls\amsthm.sty"
Package: amsthm 2020/05/29 v2.20.6
\thm@style=\toks29
\thm@bodyfont=\toks30
\thm@headfont=\toks31
\thm@notefont=\toks32
\thm@headpunct=\toks33
\thm@preskip=\skip87
\thm@postskip=\skip88
\thm@headsep=\skip89
\dth@everypar=\toks34
)
("C:\Program Files\MiKTeX\tex/latex/amsfonts\amssymb.sty"
Package: amssymb 2013/01/14 v3.01 AMS font symbols

("C:\Program Files\MiKTeX\tex/latex/amsfonts\amsfonts.sty"
Package: amsfonts 2013/01/14 v3.01 Basic AMSFonts support
\symAMSa=\mathgroup4
\symAMSb=\mathgroup5
LaTeX Font Info:    Redeclaring math symbol \hbar on input line 98.
LaTeX Font Info:    Overwriting math alphabet `\mathfrak' in version `bold'
(Font)                  U/euf/m/n --> U/euf/b/n on input line 106.
))
Package csquotes Info: Checking for multilingual support...
Package csquotes Info: ... found 'babel' package.
LaTeX Font Info:    Trying to load font information for T1+ppl on input line 89
.

("C:\Program Files\MiKTeX\tex/latex/psnfss\t1ppl.fd"
File: t1ppl.fd 2001/06/04 font definitions for T1/ppl.
) (memoria.aux
LaTeX Info: Redefining \. on input line 32.
LaTeX Info: Redefining \% on input line 32.

(Chapters/Chapter1.aux) (Chapters/Chapter2.aux

LaTeX Warning: Label `sec:cap2parte2' multiply defined.

) (Chapters/Chapter3.aux

LaTeX Warning: Label `fig:rele1equem' multiply defined.

) (Chapters/Chapter4.aux) (Chapters/Chapter5.aux))
\openout1 = `memoria.aux'.

LaTeX Font Info:    Checking defaults for OML/cmm/m/it on input line 89.
LaTeX Font Info:    ... okay on input line 89.
LaTeX Font Info:    Checking defaults for OMS/cmsy/m/n on input line 89.
LaTeX Font Info:    ... okay on input line 89.
LaTeX Font Info:    Checking defaults for OT1/cmr/m/n on input line 89.
LaTeX Font Info:    ... okay on input line 89.
LaTeX Font Info:    Checking defaults for T1/cmr/m/n on input line 89.
LaTeX Font Info:    ... okay on input line 89.
LaTeX Font Info:    Checking defaults for TS1/cmr/m/n on input line 89.
LaTeX Font Info:    ... okay on input line 89.
LaTeX Font Info:    Checking defaults for OMX/cmex/m/n on input line 89.
LaTeX Font Info:    ... okay on input line 89.
LaTeX Font Info:    Checking defaults for U/cmr/m/n on input line 89.
LaTeX Font Info:    ... okay on input line 89.
LaTeX Font Info:    Checking defaults for PD1/pdf/m/n on input line 89.
LaTeX Font Info:    ... okay on input line 89.
LaTeX Info: Redefining \. on input line 89.
LaTeX Info: Redefining \% on input line 89.

("C:\Program Files\MiKTeX\tex/latex/siunitx\siunitx-abbreviations.cfg"
File: siunitx-abbreviations.cfg 2017/11/26 v2.7k siunitx: Abbreviated units
)
("C:\Program Files\MiKTeX\tex/latex/translator\translator-basic-dictionary-Engl
ish.dict"
Dictionary: translator-basic-dictionary, Language: English 
)
("C:\Program Files\MiKTeX\tex/latex/translator\translator-basic-dictionary-Span
ish.dict"
Dictionary: translator-basic-dictionary, Language: Spanish 
) ("C:\Program Files\MiKTeX\tex/context/base/mkii\supp-pdf.mkii"
[Loading MPS to PDF converter (version 2006.09.02).]
\scratchcounter=\count449
\scratchdimen=\dimen258
\scratchbox=\box66
\nofMPsegments=\count450
\nofMParguments=\count451
\everyMPshowfont=\toks35
\MPscratchCnt=\count452
\MPscratchDim=\dimen259
\MPnumerator=\count453
\makeMPintoPDFobject=\count454
\everyMPtoPDFconversion=\toks36
) ("C:\Program Files\MiKTeX\tex/latex/epstopdf-pkg\epstopdf-base.sty"
Package: epstopdf-base 2020-01-24 v2.11 Base part for package epstopdf
Package epstopdf-base Info: Redefining graphics rule for `.eps' on input line 4
85.
)
Package caption Info: Begin \AtBeginDocument code.
Package caption Info: hyperref package is loaded.
Package caption Info: listings package is loaded.
Package caption Info: End \AtBeginDocument code.
\c@lstlisting=\count455
Package scrhack Info: undefining \float@addtolists on input line 89.
Package biblatex Info: Trying to load language 'spanish'...
Package biblatex Info: ... file 'spanish.lbx' found.

("C:\Program Files\MiKTeX\tex/latex/biblatex/lbx\spanish.lbx"
File: spanish.lbx 2020/08/23 v3.15a biblatex localization (PK/MW)
)
Package biblatex Info: Input encoding 'utf8' detected.
Package biblatex Info: Automatic encoding selection.
(biblatex)             Assuming data encoding 'utf8'.
Package biblatex Info: Input encoding 'utf8' specified.
Package biblatex Info: Data encoding 'utf8' specified.
(biblatex)             No need to reencode data.
\openout3 = `memoria-blx.bib'.

Package biblatex Info: Trying to load bibliographic data...
Package biblatex Info: ... file 'memoria.bbl' found.
 (memoria.bbl)
Package biblatex Info: Reference section=0 on input line 89.
Package biblatex Info: Reference segment=0 on input line 89.
Package hyperref Info: Link coloring ON on input line 89.

("C:\Program Files\MiKTeX\tex/latex/hyperref\nameref.sty"
Package: nameref 2019/09/16 v2.46 Cross-referencing by name of section

("C:\Program Files\MiKTeX\tex/latex/refcount\refcount.sty"
Package: refcount 2019/12/15 v3.6 Data extraction from label references (HO)
)
("C:\Program Files\MiKTeX\tex/generic/gettitlestring\gettitlestring.sty"
Package: gettitlestring 2019/12/15 v1.6 Cleanup title references (HO)
)
\c@section@level=\count456
)
LaTeX Info: Redefining \ref on input line 89.
LaTeX Info: Redefining \pageref on input line 89.
LaTeX Info: Redefining \nameref on input line 89.

(memoria.out) (memoria.out)
\@outlinefile=\write4
\openout4 = `memoria.out'.

LaTeX Info: Redefining \sptext on input line 89.
LaTeX Info: Redefining \lsc on input line 89.
LaTeX Info: Redefining \. on input line 89.
LaTeX Info: Redefining \% on input line 89.
LaTeX Info: Redefining \dotlessi on input line 89.
Package scrbase Info: activating spanish \lstlistingname on input line 89.
LaTeX Info: Redefining \sptext on input line 89.
LaTeX Info: Redefining \lsc on input line 89.
LaTeX Info: Redefining \. on input line 89.
LaTeX Info: Redefining \% on input line 89.
LaTeX Info: Redefining \dotlessi on input line 89.
Package scrbase Info: activating spanish \acknowledgementname on input line 89.

LaTeX Info: Redefining \sptext on input line 89.
LaTeX Info: Redefining \lsc on input line 89.
LaTeX Info: Redefining \. on input line 89.
LaTeX Info: Redefining \% on input line 89.
LaTeX Info: Redefining \dotlessi on input line 89.
Package scrbase Info: activating spanish \authorshipname on input line 89.
LaTeX Info: Redefining \sptext on input line 89.
LaTeX Info: Redefining \lsc on input line 89.
LaTeX Info: Redefining \. on input line 89.
LaTeX Info: Redefining \% on input line 89.
LaTeX Info: Redefining \dotlessi on input line 89.
Package scrbase Info: activating spanish \abbrevname on input line 89.
LaTeX Info: Redefining \sptext on input line 89.
LaTeX Info: Redefining \lsc on input line 89.
LaTeX Info: Redefining \. on input line 89.
LaTeX Info: Redefining \% on input line 89.
LaTeX Info: Redefining \dotlessi on input line 89.
Package scrbase Info: activating spanish \byname on input line 89.

*geometry* driver: auto-detecting
*geometry* detected driver: pdftex
*geometry* verbose mode - [ preamble ] result:
* driver: pdftex
* paper: a4paper
* layout: <same size as paper>
* layoutoffset:(h,v)=(0.0pt,0.0pt)
* bindingoffset: 56.9055pt
* modes: includehead includefoot twoside 
* h-part:(L,W,R)=(56.9055pt, 389.80269pt, 93.89418pt)
* v-part:(T,H,B)=(42.67912pt, 759.6886pt, 42.67912pt)
* \paperwidth=597.50787pt
* \paperheight=845.04684pt
* \textwidth=389.80269pt
* \textheight=693.49821pt
* \oddsidemargin=41.54102pt
* \evensidemargin=21.62419pt
* \topmargin=-29.59087pt
* \headheight=18.85364pt
* \headsep=19.8738pt
* \topskip=11.0pt
* \footskip=27.46295pt
* \marginparwidth=116.0pt
* \marginparsep=7.0pt
* \columnsep=10.0pt
* \skip\footins=10.0pt plus 4.0pt minus 2.0pt
* \hoffset=0.0pt
* \voffset=0.0pt
* \mag=1000
* \@twocolumnfalse
* \@twosidetrue
* \@mparswitchtrue
* \@reversemarginfalse
* (1in=72.27pt=25.4mm, 1cm=28.453pt)

Package scrlayer Info: Setting magic \footheight to \baselineskip while
(scrlayer)             \begin{document} on input line 89.
LaTeX Font Info:    Trying to load font information for U+msa on input line 89.

("C:\Program Files\MiKTeX\tex/latex/amsfonts\umsa.fd"
File: umsa.fd 2013/01/14 v3.01 AMS symbols A
)
LaTeX Font Info:    Trying to load font information for U+msb on input line 89.


("C:\Program Files\MiKTeX\tex/latex/amsfonts\umsb.fd"
File: umsb.fd 2013/01/14 v3.01 AMS symbols B
)
1: section
<./Figures/logoFIUBA.png, id=227, 2536.47626pt x 818.05624pt>
File: ./Figures/logoFIUBA.png Graphic file (type png)
<use ./Figures/logoFIUBA.png>
Package pdftex.def Info: ./Figures/logoFIUBA.png  used on input line 103.
(pdftex.def)             Requested size: 311.84334pt x 100.57164pt.
[1



{C:/Users/FANIOT-Francisco/AppData/Local/MiKTeX/pdftex/config/pdftex.map} <./Fi
gures/logoFIUBA.png (PNG copy)>] [2

]
--------------------
 Resumen
--------------------
1: section
[3] [4

]
--------------------
 Agradecimientos
--------------------
1: section
[5] [6

] (memoria.toc
LaTeX Info: Redefining \sptext on input line 2.
LaTeX Info: Redefining \. on input line 2.
LaTeX Info: Redefining \% on input line 2.

1: section
[7]
Overfull \hbox (2.99193pt too wide) in paragraph at lines 53--53
 [][] [][][]\T1/ppl/m/n/10.95 Grupo de re-que-ri-mien-tos re-fe-ri-dos a di-se-
ño del cir-cui-to eléc- 
 []

)
\tf@toc=\write5
\openout5 = `memoria.toc'.

 [8] (memoria.lof
LaTeX Info: Redefining \sptext on input line 2.
LaTeX Info: Redefining \. on input line 2.
LaTeX Info: Redefining \% on input line 2.

1: section
[9

])
\tf@lof=\write6
\openout6 = `memoria.lof'.

 [10] (memoria.lot
LaTeX Info: Redefining \sptext on input line 2.
LaTeX Info: Redefining \. on input line 2.
LaTeX Info: Redefining \% on input line 2.
)
\tf@lot=\write7
\openout7 = `memoria.lot'.


1: section
[11

] [12

]
--------------------
 Dedicatory
--------------------
1: section
[13] [14

]
1: section
\openout2 = `Chapters/Chapter1.aux'.

(Chapters/Chapter1.tex
Cap\'{\i }tulo 1.
<Figures/3931_1.png, id=467, 226.59656pt x 216.81pt>
File: Figures/3931_1.png Graphic file (type png)
<use Figures/3931_1.png>
Package pdftex.def Info: Figures/3931_1.png  used on input line 55.
(pdftex.def)             Requested size: 156.49014pt x 149.73138pt.
1: section
[1


 <./Figures/3931_1.png>]
<Figures/concepto.png, id=484, 533.1117pt x 334.3692pt>
File: Figures/concepto.png Graphic file (type png)
<use Figures/concepto.png>
Package pdftex.def Info: Figures/concepto.png  used on input line 78.
(pdftex.def)             Requested size: 389.80269pt x 244.49054pt.
LaTeX Info: Redefining \. on input line 96.
LaTeX Info: Redefining \% on input line 96.
 [2 <./Figures/concepto.png>]
<Figures/pzeem004.jpg, id=497, 1204.5pt x 1184.425pt>
File: Figures/pzeem004.jpg Graphic file (type jpg)
<use Figures/pzeem004.jpg>
Package pdftex.def Info: Figures/pzeem004.jpg  used on input line 108.
(pdftex.def)             Requested size: 227.62204pt x 223.81413pt.
<Figures/potencia_ej.png, id=501, 787.44188pt x 597.73312pt>
File: Figures/potencia_ej.png Graphic file (type png)
<use Figures/potencia_ej.png>
Package pdftex.def Info: Figures/potencia_ej.png  used on input line 119.
(pdftex.def)             Requested size: 341.43306pt x 259.1727pt.
LaTeX Info: Redefining \. on input line 125.
LaTeX Info: Redefining \% on input line 125.
 [3 <./Figures/pzeem004.jpg>]
LaTeX Info: Redefining \. on input line 140.
LaTeX Info: Redefining \% on input line 140.
 [4 <./Figures/potencia_ej.png>]
Overfull \hbox (19.66853pt too wide) in paragraph at lines 154--155
[]\T1/ppl/m/n/10.95 El dis-po-si-ti-vo de-be po-seer co-mo mi-cro-con-tro-la-do
r prin-ci-pal MSP430F2418. 
 []

<Figures/dispositivo_empresa.png, id=517, 454.69875pt x 462.22687pt>
File: Figures/dispositivo_empresa.png Graphic file (type png)
<use Figures/dispositivo_empresa.png>
Package pdftex.def Info: Figures/dispositivo_empresa.png  used on input line 17
7.
(pdftex.def)             Requested size: 227.62204pt x 231.39499pt.

LaTeX Warning: `!h' float specifier changed to `!ht'.

LaTeX Info: Redefining \. on input line 194.
LaTeX Info: Redefining \% on input line 194.
[5])
LaTeX Info: Redefining \. on input line 198.
LaTeX Info: Redefining \% on input line 198.
 [6 <./Figures/dispositivo_empresa.png>]
\openout2 = `Chapters/Chapter2.aux'.

 (Chapters/Chapter2.tex
Cap\'{\i }tulo 2.

LaTeX Warning: Citation 'msp430slau144j' on page 7 undefined on input line 44.

1: section
[7




]
<Figures/microdatasheet1.png, id=552, 377.91188pt x 416.30531pt>
File: Figures/microdatasheet1.png Graphic file (type png)
<use Figures/microdatasheet1.png>
Package pdftex.def Info: Figures/microdatasheet1.png  used on input line 55.
(pdftex.def)             Requested size: 170.71652pt x 188.05981pt.
<Figures/emeesepeFET.jpg, id=555, 752.8125pt x 752.8125pt>
File: Figures/emeesepeFET.jpg Graphic file (type jpg)
<use Figures/emeesepeFET.jpg>
Package pdftex.def Info: Figures/emeesepeFET.jpg  used on input line 91.
(pdftex.def)             Requested size: 284.52756pt x 284.53246pt.


LaTeX Warning: `!h' float specifier changed to `!ht'.

LaTeX Info: Redefining \. on input line 131.
LaTeX Info: Redefining \% on input line 131.
[8 <./Figures/microdatasheet1.png>]
<Figures/Jtagfetsch.png, id=564, 609.77812pt x 296.60812pt>
File: Figures/Jtagfetsch.png Graphic file (type png)
<use Figures/Jtagfetsch.png>
Package pdftex.def Info: Figures/Jtagfetsch.png  used on input line 135.
(pdftex.def)             Requested size: 284.52756pt x 138.40561pt.
LaTeX Info: Redefining \. on input line 147.
LaTeX Info: Redefining \% on input line 147.
 [9 <./Figures/emeesepeFET.jpg> <./Figures/Jtagfetsch.png>]
Overfull \hbox (10.08717pt too wide) in paragraph at lines 148--149
\T1/ppl/m/n/10.95 ple-ji-da-des del pro-to-co-lo JTAG. Ade-más, la bi-blio-te-c
a pue-de co-nec-tar-se a un MSP430
 []

<Figures/Embeddedworkbench.png, id=573, 725.71124pt x 410.2828pt>
File: Figures/Embeddedworkbench.png Graphic file (type png)
<use Figures/Embeddedworkbench.png>
Package pdftex.def Info: Figures/Embeddedworkbench.png  used on input line 163.

(pdftex.def)             Requested size: 389.80269pt x 220.37871pt.
LaTeX Info: Redefining \. on input line 176.
LaTeX Info: Redefining \% on input line 176.
[10 <./Figures/Embeddedworkbench.png>]
<Figures/ade7953funcdiagr.png, id=581, 904.88063pt x 539.76656pt>
File: Figures/ade7953funcdiagr.png Graphic file (type png)
<use Figures/ade7953funcdiagr.png>
Package pdftex.def Info: Figures/ade7953funcdiagr.png  used on input line 194.
(pdftex.def)             Requested size: 389.80269pt x 232.51514pt.
LaTeX Info: Redefining \. on input line 201.
LaTeX Info: Redefining \% on input line 201.
 [11 <./Figures/ade7953funcdiagr.png>]
<Figures/tramauartade.png, id=590, 502.12593pt x 252.19218pt>
File: Figures/tramauartade.png Graphic file (type png)
<use Figures/tramauartade.png>
Package pdftex.def Info: Figures/tramauartade.png  used on input line 204.
(pdftex.def)             Requested size: 312.9803pt x 157.20027pt.
)
LaTeX Info: Redefining \. on input line 199.
LaTeX Info: Redefining \% on input line 199.

[12 <./Figures/tramauartade.png>]
\openout2 = `Chapters/Chapter3.aux'.

 (Chapters/Chapter3.tex
Cap\'{\i }tulo 3.
<Figures/Placa1v6.png, id=601, 535.2497pt x 391.4625pt>
File: Figures/Placa1v6.png Graphic file (type png)
<use Figures/Placa1v6.png>
Package pdftex.def Info: Figures/Placa1v6.png  used on input line 22.
(pdftex.def)             Requested size: 312.9803pt x 228.91205pt.
<Figures/esquema22.png, id=603, 545.03625pt x 462.22687pt>
File: Figures/esquema22.png Graphic file (type png)
<use Figures/esquema22.png>
Package pdftex.def Info: Figures/esquema22.png  used on input line 31.
(pdftex.def)             Requested size: 227.62204pt x 193.03369pt.
1: section
[13




]
LaTeX Info: Redefining \. on input line 61.
LaTeX Info: Redefining \% on input line 61.
 [14 <./Figures/Placa1v6.png> <./Figures/esquema22.png>]
<Figures/alimentacion1.png, id=617, 1145.78062pt x 249.93375pt>
File: Figures/alimentacion1.png Graphic file (type png)
<use Figures/alimentacion1.png>
Package pdftex.def Info: Figures/alimentacion1.png  used on input line 65.
(pdftex.def)             Requested size: 341.43306pt x 74.4773pt.
<Figures/alimentacion2.png, id=618, 831.105pt x 540.51938pt>
File: Figures/alimentacion2.png Graphic file (type png)
<use Figures/alimentacion2.png>
Package pdftex.def Info: Figures/alimentacion2.png  used on input line 75.
(pdftex.def)             Requested size: 284.52756pt x 185.04428pt.
<Figures/comaislado1.png, id=619, 1133.73563pt x 549.55313pt>
File: Figures/comaislado1.png Graphic file (type png)
<use Figures/comaislado1.png>
Package pdftex.def Info: Figures/comaislado1.png  used on input line 82.
(pdftex.def)             Requested size: 284.52756pt x 137.91623pt.
LaTeX Info: Redefining \. on input line 95.
LaTeX Info: Redefining \% on input line 95.
 [15 <./Figures/alimentacion1.png> <./Figures/alimentacion2.png>]
<Figures/JTAG1.png, id=626, 608.2725pt x 292.84406pt>
File: Figures/JTAG1.png Graphic file (type png)
<use Figures/JTAG1.png>
Package pdftex.def Info: Figures/JTAG1.png  used on input line 98.
(pdftex.def)             Requested size: 341.43306pt x 164.3803pt.
<Figures/RSS232_1.png, id=627, 1001.24063pt x 575.90157pt>
File: Figures/RSS232_1.png Graphic file (type png)
<use Figures/RSS232_1.png>
Package pdftex.def Info: Figures/RSS232_1.png  used on input line 108.
(pdftex.def)             Requested size: 341.43306pt x 196.38391pt.
<Figures/RSS485_1.png, id=628, 1079.53313pt x 495.35063pt>
File: Figures/RSS485_1.png Graphic file (type png)
<use Figures/RSS485_1.png>
Package pdftex.def Info: Figures/RSS485_1.png  used on input line 115.
(pdftex.def)             Requested size: 341.43306pt x 156.67117pt.
<Figures/rele1.png, id=630, 1142.76938pt x 460.72125pt>
File: Figures/rele1.png Graphic file (type png)
<use Figures/rele1.png>
Package pdftex.def Info: Figures/rele1.png  used on input line 126.
(pdftex.def)             Requested size: 341.43306pt x 137.64801pt.
<Figures/salida420.png, id=631, 576.65437pt x 526.96875pt>
File: Figures/salida420.png Graphic file (type png)
<use Figures/salida420.png>
Package pdftex.def Info: Figures/salida420.png  used on input line 136.
(pdftex.def)             Requested size: 341.43306pt x 312.02655pt.
LaTeX Info: Redefining \. on input line 145.
LaTeX Info: Redefining \% on input line 145.
 [16 <./Figures/comaislado1.png> <./Figures/JTAG1.png>]
LaTeX Info: Redefining \. on input line 145.
LaTeX Info: Redefining \% on input line 145.
 [17 <./Figures/RSS232_1.png> <./Figures/RSS485_1.png> <./Figures/rele1.png>]
<Figures/ade7953.png, id=645, 231.86626pt x 220.57407pt>
File: Figures/ade7953.png Graphic file (type png)
<use Figures/ade7953.png>
Package pdftex.def Info: Figures/ade7953.png  used on input line 148.
(pdftex.def)             Requested size: 284.52756pt x 270.69528pt.
<Figures/medicionvoltaje.png, id=646, 656.4525pt x 570.63188pt>
File: Figures/medicionvoltaje.png Graphic file (type png)
<use Figures/medicionvoltaje.png>
Package pdftex.def Info: Figures/medicionvoltaje.png  used on input line 162.
(pdftex.def)             Requested size: 227.62204pt x 197.86082pt.
<Figures/medicioncorriente.png, id=647, 1084.05pt x 501.37312pt>
File: Figures/medicioncorriente.png Graphic file (type png)
<use Figures/medicioncorriente.png>
Package pdftex.def Info: Figures/medicioncorriente.png  used on input line 171.

(pdftex.def)             Requested size: 341.43306pt x 157.91042pt.
LaTeX Info: Redefining \. on input line 179.
LaTeX Info: Redefining \% on input line 179.
 [18 <./Figures/salida420.png>]
LaTeX Info: Redefining \. on input line 192.
LaTeX Info: Redefining \% on input line 192.
 [19 <./Figures/ade7953.png> <./Figures/medicionvoltaje.png>]
<Figures/conectores2.png, id=658, 448.67625pt x 472.01344pt>
File: Figures/conectores2.png Graphic file (type png)
<use Figures/conectores2.png>
Package pdftex.def Info: Figures/conectores2.png  used on input line 195.
(pdftex.def)             Requested size: 341.43306pt x 359.20209pt.
LaTeX Info: Redefining \. on input line 201.
LaTeX Info: Redefining \% on input line 201.
 [20 <./Figures/medicioncorriente.png> <./Figures/conectores2.png>]
<Figures/estandaresmayer.png, id=664, 728.7225pt x 331.99031pt>
File: Figures/estandaresmayer.png Graphic file (type png)
<use Figures/estandaresmayer.png>
Package pdftex.def Info: Figures/estandaresmayer.png  used on input line 204.
(pdftex.def)             Requested size: 312.9803pt x 142.58588pt.
<Figures/PCBfront.png, id=669, 681.29532pt x 532.99126pt>
File: Figures/PCBfront.png Graphic file (type png)
<use Figures/PCBfront.png>
Package pdftex.def Info: Figures/PCBfront.png  used on input line 216.
(pdftex.def)             Requested size: 312.9803pt x 244.85364pt.
<Figures/PCBback.png, id=671, 684.30656pt x 532.99126pt>
File: Figures/PCBback.png Graphic file (type png)
<use Figures/PCBback.png>
Package pdftex.def Info: Figures/PCBback.png  used on input line 225.
(pdftex.def)             Requested size: 312.9803pt x 243.78012pt.
LaTeX Info: Redefining \. on input line 236.
LaTeX Info: Redefining \% on input line 236.
 [21 <./Figures/estandaresmayer.png> <./Figures/PCBfront.png>]
<Figures/placaarmada1.jpeg, id=679, 487.8225pt x 659.46375pt>
File: Figures/placaarmada1.jpeg Graphic file (type jpg)
<use Figures/placaarmada1.jpeg>
Package pdftex.def Info: Figures/placaarmada1.jpeg  used on input line 244.
(pdftex.def)             Requested size: 227.62204pt x 307.7141pt.
<Figures/parche2.jpg, id=681, 305.64188pt x 265.74281pt>
File: Figures/parche2.jpg Graphic file (type jpg)
<use Figures/parche2.jpg>
Package pdftex.def Info: Figures/parche2.jpg  used on input line 253.
(pdftex.def)             Requested size: 227.62204pt x 197.90767pt.
<Figures/protofinal.jpeg, id=683, 647.41875pt x 527.72156pt>
File: Figures/protofinal.jpeg Graphic file (type jpg)
<use Figures/protofinal.jpeg>
Package pdftex.def Info: Figures/protofinal.jpeg  used on input line 264.
(pdftex.def)             Requested size: 389.80269pt x 317.73856pt.
LaTeX Info: Redefining \. on input line 277.
LaTeX Info: Redefining \% on input line 277.
 [22 <./Figures/PCBback.png>]
LaTeX Info: Redefining \. on input line 281.
LaTeX Info: Redefining \% on input line 281.
 [23 <./Figures/placaarmada1.jpeg> <./Figures/parche2.jpg>]
LaTeX Info: Redefining \. on input line 304.
LaTeX Info: Redefining \% on input line 304.
 [24 <./Figures/protofinal.jpeg>]
<Figures/Diagramadeprograma.jpeg, id=698, 424.7067pt x 590.4459pt>
File: Figures/Diagramadeprograma.jpeg Graphic file (type jpg)
<use Figures/Diagramadeprograma.jpeg>
Package pdftex.def Info: Figures/Diagramadeprograma.jpeg  used on input line 30
9.
(pdftex.def)             Requested size: 312.9803pt x 435.13023pt.
LaTeX Info: Redefining \. on input line 318.
LaTeX Info: Redefining \% on input line 318.
 [25 <./Figures/Diagramadeprograma.jpeg>]
<Figures/ade7uartread.png, id=705, 754.31813pt x 463.7325pt>
File: Figures/ade7uartread.png Graphic file (type png)
<use Figures/ade7uartread.png>
Package pdftex.def Info: Figures/ade7uartread.png  used on input line 325.
(pdftex.def)             Requested size: 389.80269pt x 239.6351pt.
<Figures/ade7uartwrite.png, id=707, 931.98187pt x 266.49562pt>
File: Figures/ade7uartwrite.png Graphic file (type png)
<use Figures/ade7uartwrite.png>
Package pdftex.def Info: Figures/ade7uartwrite.png  used on input line 334.
(pdftex.def)             Requested size: 312.9803pt x 89.49312pt.
LaTeX Info: Redefining \. on input line 340.
LaTeX Info: Redefining \% on input line 340.
 [26 <./Figures/ade7uartread.png> <./Figures/ade7uartwrite.png>]

LaTeX Warning: No positions in optional float specifier.
               Default added (so using `tbp') on input line 408.

<Figures/MenuUsuario1.png, id=717, 391.4625pt x 286.06876pt>
File: Figures/MenuUsuario1.png Graphic file (type png)
<use Figures/MenuUsuario1.png>
Package pdftex.def Info: Figures/MenuUsuario1.png  used on input line 459.
(pdftex.def)             Requested size: 312.9803pt x 228.72873pt.
LaTeX Info: Redefining \. on input line 473.
LaTeX Info: Redefining \% on input line 473.
[27]
LaTeX Info: Redefining \. on input line 473.
LaTeX Info: Redefining \% on input line 473.
 [28]
Overfull \hbox (12.66675pt too wide) in paragraph at lines 478--493
[][]
 []

LaTeX Info: Redefining \. on input line 498.
LaTeX Info: Redefining \% on input line 498.
[29 <./Figures/MenuUsuario1.png>]
<Figures/MenuCalib1.png, id=735, 337.26pt x 298.11375pt>
File: Figures/MenuCalib1.png Graphic file (type png)
<use Figures/MenuCalib1.png>
Package pdftex.def Info: Figures/MenuCalib1.png  used on input line 501.
(pdftex.def)             Requested size: 312.9803pt x 276.65611pt.
)
LaTeX Info: Redefining \. on input line 200.
LaTeX Info: Redefining \% on input line 200.
 [30 <./Figures/MenuCalib1.png>]
\openout2 = `Chapters/Chapter4.aux'.


(Chapters/Chapter4.tex
Cap\'{\i }tulo 4.
<Figures/osciloscope.jpg, id=742, 487.8225pt x 460.72125pt>
File: Figures/osciloscope.jpg Graphic file (type jpg)
<use Figures/osciloscope.jpg>
Package pdftex.def Info: Figures/osciloscope.jpg  used on input line 32.
(pdftex.def)             Requested size: 227.62204pt x 214.97835pt.
1: section
[31




 <./Figures/osciloscope.jpg>]
<Figures/ADEresponse.jpg, id=750, 423.08063pt x 332.74312pt>
File: Figures/ADEresponse.jpg Graphic file (type jpg)
<use Figures/ADEresponse.jpg>
Package pdftex.def Info: Figures/ADEresponse.jpg  used on input line 43.
(pdftex.def)             Requested size: 284.52756pt x 223.77954pt.
<Figures/ModbusTest.jpg, id=752, 380.92313pt x 188.20313pt>
File: Figures/ModbusTest.jpg Graphic file (type jpg)
<use Figures/ModbusTest.jpg>
Package pdftex.def Info: Figures/ModbusTest.jpg  used on input line 56.
(pdftex.def)             Requested size: 284.52756pt x 140.5805pt.
LaTeX Info: Redefining \. on input line 67.
LaTeX Info: Redefining \% on input line 67.
 [32 <./Figures/ADEresponse.jpg> <./Figures/ModbusTest.jpg>]
<Figures/BancoCalib.jpg, id=758, 782.925pt x 407.27156pt>
File: Figures/BancoCalib.jpg Graphic file (type jpg)
<use Figures/BancoCalib.jpg>
Package pdftex.def Info: Figures/BancoCalib.jpg  used on input line 81.
(pdftex.def)             Requested size: 389.80269pt x 202.77145pt.
<Figures/HojadeAplicacion.png, id=760, 978.65625pt x 641.39626pt>
File: Figures/HojadeAplicacion.png Graphic file (type png)
<use Figures/HojadeAplicacion.png>
Package pdftex.def Info: Figures/HojadeAplicacion.png  used on input line 90.
(pdftex.def)             Requested size: 341.43306pt x 223.76782pt.

Underfull \hbox (badness 10000) in paragraph at lines 95--95
[][][][][]$\T1/ppl/m/n/9 https : / / www . analog . com / media / en / technica
l-[]documentation / application-[]notes / AN-[]1118 .
 []

<Figures/ConectorAlim.jpeg, id=765, 355.3275pt x 371.88937pt>
File: Figures/ConectorAlim.jpeg Graphic file (type jpg)
<use Figures/ConectorAlim.jpeg>
Package pdftex.def Info: Figures/ConectorAlim.jpeg  used on input line 118.
(pdftex.def)             Requested size: 227.62204pt x 238.23537pt.
LaTeX Info: Redefining \. on input line 127.
LaTeX Info: Redefining \% on input line 127.
[33 <./Figures/BancoCalib.jpg>]
LaTeX Info: Redefining \. on input line 129.
LaTeX Info: Redefining \% on input line 129.
 [34 <./Figures/HojadeAplicacion.png> <./Figures/ConectorAlim.jpeg>]
<Figures/ConRS232.jpeg, id=777, 322.95656pt x 476.53032pt>
File: Figures/ConRS232.jpeg Graphic file (type jpg)
<use Figures/ConRS232.jpeg>
Package pdftex.def Info: Figures/ConRS232.jpeg  used on input line 165.
(pdftex.def)             Requested size: 227.62204pt x 335.85939pt.
LaTeX Info: Redefining \. on input line 211.
LaTeX Info: Redefining \% on input line 211.
 [35 <./Figures/ConRS232.jpeg>]
<Figures/polyswitchyrele.jpg, id=785, 172.39406pt x 194.22563pt>
File: Figures/polyswitchyrele.jpg Graphic file (type jpg)
<use Figures/polyswitchyrele.jpg>
Package pdftex.def Info: Figures/polyswitchyrele.jpg  used on input line 214.
(pdftex.def)             Requested size: 227.62204pt x 256.44974pt.
)
LaTeX Info: Redefining \. on input line 201.
LaTeX Info: Redefining \% on input line 201.
 [36 <./Figures/polyswitchyrele.jpg>]
\openout2 = `Chapters/Chapter5.aux'.

 (Chapters/Chapter5.tex
Cap\'{\i }tulo 5.
1: section
[37




])
LaTeX Info: Redefining \. on input line 202.
LaTeX Info: Redefining \% on input line 202.
 [38]
1: section
[39



] (memoria.aux
LaTeX Info: Redefining \sptext on input line 32.
LaTeX Info: Redefining \. on input line 32.
LaTeX Info: Redefining \% on input line 32.
 (Chapters/Chapter1.aux) (Chapters/Chapter2.aux)
(Chapters/Chapter3.aux) (Chapters/Chapter4.aux) (Chapters/Chapter5.aux))
Package rerunfilecheck Info: File `memoria.out' has not changed.
(rerunfilecheck)             Checksum: 5AC4059DF0F70E60D7D384BEDCF83472;4419.


LaTeX Warning: There were undefined references.


LaTeX Warning: There were multiply-defined labels.


Package biblatex Warning: Please (re)run BibTeX on the file(s):
(biblatex)                memoria
(biblatex)                and rerun LaTeX afterwards.

Package logreq Info: Writing requests to 'memoria.run.xml'.
\openout1 = `memoria.run.xml'.

 ) 
Here is how much of TeX's memory you used:
 26910 strings out of 480236
 556114 string characters out of 2890400
 1125629 words of memory out of 3000000
 42801 multiletter control sequences out of 15000+200000
 594416 words of font info for 132 fonts, out of 3000000 for 9000
 1142 hyphenation exceptions out of 8191
 84i,21n,88p,1934b,2640s stack positions out of 5000i,500n,10000p,200000b,50000s
pdfTeX warning (dest): name{Hfootnote.5} has been referenced but does not exi
st, replaced by a fixed one

pdfTeX warning (dest): name{Hfootnote.4} has been referenced but does not exist
, replaced by a fixed one

pdfTeX warning (dest): name{Hfootnote.3} has been referenced but does not exist
, replaced by a fixed one

pdfTeX warning (dest): name{Hfootnote.2} has been referenced but does not exist
, replaced by a fixed one

pdfTeX warning (dest): name{Hfootnote.1} has been referenced but does not exist
, replaced by a fixed one

{C:/Program Files/MiKTeX/fonts/enc/dvips/base/8r.enc}<C:/Program Files/MiKTeX/f
onts/type1/public/amsfonts/cm/cmmi10.pfb><C:/Program Files/MiKTeX/fonts/type1/p
ublic/amsfonts/cm/cmr10.pfb><C:/Program Files/MiKTeX/fonts/type1/urw/palatino/u
plb8a.pfb><C:/Program Files/MiKTeX/fonts/type1/urw/palatino/uplb8a.pfb><C:/Prog
ram Files/MiKTeX/fonts/type1/urw/palatino/uplbi8a.pfb><C:/Program Files/MiKTeX/
fonts/type1/urw/palatino/uplr8a.pfb><C:/Program Files/MiKTeX/fonts/type1/urw/pa
latino/uplr8a.pfb><C:/Program Files/MiKTeX/fonts/type1/urw/palatino/uplri8a.pfb
>
Output written on memoria.pdf (53 pages, 5389220 bytes).
PDF statistics:
 887 PDF objects out of 1000 (max. 8388607)
 197 named destinations out of 1000 (max. 500000)
 674 words of extra memory for PDF output out of 10000 (max. 10000000)

