\BOOKMARK [0][-]{section*.1}{Resumen}{}% 1
\BOOKMARK [0][-]{chapter.1}{Introducci\363n general}{}% 2
\BOOKMARK [1][-]{section.1.1}{Descripci\363n general del trabajo y conceptos clave}{chapter.1}% 3
\BOOKMARK [1][-]{section.1.2}{Medici\363n de potencia el\351ctrica}{chapter.1}% 4
\BOOKMARK [1][-]{section.1.3}{Estructura del trabajo}{chapter.1}% 5
\BOOKMARK [1][-]{section.1.4}{Motivaci\363n}{chapter.1}% 6
\BOOKMARK [1][-]{section.1.5}{Requerimientos del trabajo}{chapter.1}% 7
\BOOKMARK [1][-]{section.1.6}{Objetivos y alcance}{chapter.1}% 8
\BOOKMARK [2][-]{subsection.1.6.1}{Objetivos del desarrollo}{section.1.6}% 9
\BOOKMARK [2][-]{subsection.1.6.2}{Alcances}{section.1.6}% 10
\BOOKMARK [0][-]{chapter.2}{Introducci\363n espec\355fica}{}% 11
\BOOKMARK [1][-]{section.2.1}{Microcontrolador principal}{chapter.2}% 12
\BOOKMARK [1][-]{section.2.2}{Herramientas de programaci\363n}{chapter.2}% 13
\BOOKMARK [2][-]{subsection.2.2.1}{FET debugger}{section.2.2}% 14
\BOOKMARK [2][-]{subsection.2.2.2}{Entorno de desarrollo}{section.2.2}% 15
\BOOKMARK [3][-]{section*.15}{ El MSP Debug Stack}{subsection.2.2.2}% 16
\BOOKMARK [3][-]{section*.16}{Entorno de desarrollo}{subsection.2.2.2}% 17
\BOOKMARK [1][-]{section.2.3}{Circuito integrado de medici\363n}{chapter.2}% 18
\BOOKMARK [1][-]{section.2.4}{ Biblioteca Externa - Free Modbus}{chapter.2}% 19
\BOOKMARK [0][-]{chapter.3}{Dise\361o e implementaci\363n}{}% 20
\BOOKMARK [1][-]{section.3.1}{Desarrollo de hardware}{chapter.3}% 21
\BOOKMARK [2][-]{subsection.3.1.1}{Estructura Planteada }{section.3.1}% 22
\BOOKMARK [2][-]{subsection.3.1.2}{Componentes esenciales}{section.3.1}% 23
\BOOKMARK [3][-]{section*.22}{Circuito de alimentaci\363n}{subsection.3.1.2}% 24
\BOOKMARK [3][-]{section*.24}{Circuito de aislaci\363n o de cambio de nivel}{subsection.3.1.2}% 25
\BOOKMARK [3][-]{section*.27}{Circuito de adaptaci\363n de microcontrolador}{subsection.3.1.2}% 26
\BOOKMARK [3][-]{section*.29}{Circuito de comunicaci\363n por puerto}{subsection.3.1.2}% 27
\BOOKMARK [3][-]{section*.32}{Circuito de rel\351}{subsection.3.1.2}% 28
\BOOKMARK [3][-]{section*.34}{Circuito de salida anal\363gica}{subsection.3.1.2}% 29
\BOOKMARK [3][-]{section*.36}{Circuito de medici\363n}{subsection.3.1.2}% 30
\BOOKMARK [2][-]{subsection.3.1.3}{Esquema anal\363gico de medici\363n }{section.3.1}% 31
\BOOKMARK [2][-]{subsection.3.1.4}{Fabricaci\363n}{section.3.1}% 32
\BOOKMARK [1][-]{section.3.2}{Dise\361o logrado}{chapter.3}% 33
\BOOKMARK [1][-]{section.3.3}{Desarrollo de software}{chapter.3}% 34
\BOOKMARK [2][-]{subsection.3.3.1}{Software previos de base}{section.3.3}% 35
\BOOKMARK [2][-]{subsection.3.3.2}{Software del fabricante utilizados}{section.3.3}% 36
\BOOKMARK [2][-]{subsection.3.3.3}{Especificaciones del software desarrollado}{section.3.3}% 37
\BOOKMARK [3][-]{section*.48}{Comunicaci\363n con el ADE7953}{subsection.3.3.3}% 38
\BOOKMARK [2][-]{subsection.3.3.4}{Funcionalidades del software}{section.3.3}% 39
\BOOKMARK [3][-]{section*.53}{Protocolo Modbus }{subsection.3.3.4}% 40
\BOOKMARK [3][-]{section*.55}{Men\372 de calibraci\363n }{subsection.3.3.4}% 41
\BOOKMARK [0][-]{chapter.4}{Ensayos y resultados}{}% 42
\BOOKMARK [1][-]{section.4.1}{Pruebas Realizadas}{chapter.4}% 43
\BOOKMARK [2][-]{subsection.4.1.1}{Pruebas de comunicaci\363n con el ADE7953}{section.4.1}% 44
\BOOKMARK [2][-]{subsection.4.1.2}{Testeo del protocolo Modbus}{section.4.1}% 45
\BOOKMARK [2][-]{subsection.4.1.3}{Testeo de la calibraci\363n}{section.4.1}% 46
\BOOKMARK [1][-]{section.4.2}{ Verificaci\363n de requerimientos}{chapter.4}% 47
\BOOKMARK [2][-]{subsection.4.2.1}{Grupo de requerimientos referidos a alimentaci\363n el\351ctrica}{section.4.2}% 48
\BOOKMARK [2][-]{subsection.4.2.2}{Grupo de requerimientos referidos a medici\363n de potencia del equipo}{section.4.2}% 49
\BOOKMARK [2][-]{subsection.4.2.3}{Grupo de requerimientos referidos a Interfaces de comunicaci\363n}{section.4.2}% 50
\BOOKMARK [2][-]{subsection.4.2.4}{Grupo de requerimientos referidos a dise\361o del circuito el\351ctrico}{section.4.2}% 51
\BOOKMARK [2][-]{subsection.4.2.5}{Grupo de requerimientos referidos a dise\361o de impresi\363n del circuito}{section.4.2}% 52
\BOOKMARK [0][-]{chapter.5}{Conclusiones}{}% 53
\BOOKMARK [1][-]{section.5.1}{Conclusiones generales }{chapter.5}% 54
\BOOKMARK [1][-]{section.5.2}{Pr\363ximos pasos}{chapter.5}% 55
\BOOKMARK [0][-]{appendix*.65}{Bibliograf\355a}{}% 56
